08-03 16:28:57 com_github_MitjaNemec_ReplicateLayout.action_replicate_layout 409:Plugin executed on: 'linux'
08-03 16:28:57 com_github_MitjaNemec_ReplicateLayout.action_replicate_layout 410:Plugin executed with python version: '3.13.5 (main, Jun 21 2025, 09:35:00) [GCC 15.1.1 20250425]'
08-03 16:28:57 com_github_MitjaNemec_ReplicateLayout.action_replicate_layout 411:KiCad build version: 9.0.3
08-03 16:28:57 com_github_MitjaNemec_ReplicateLayout.action_replicate_layout 412:Plugin version: 4.0.3
08-03 16:28:57 com_github_MitjaNemec_ReplicateLayout.action_replicate_layout 413:Frame repr: <wx._core.Frame object at 0x7f0fa5cfbd10>
08-03 16:28:57 com_github_MitjaNemec_ReplicateLayout.action_replicate_layout 437:Preparing replicator with U26 as a reference
08-03 16:28:57 com_github_MitjaNemec_ReplicateLayout.replicate_layout 117:getting a list of all footprints on board
08-03 16:28:57 com_github_MitjaNemec_ReplicateLayout.action_replicate_layout 485:source anchor footprint is 'U26'
Located on: ['/Block Diagram/', '/Block Diagram/Auto Zero1/']
With filenames: ['BlockDiagram.kicad_sch', 'AutoZero.kicad_sch']
With sheet_id:['/Block Diagram/', '/Block Diagram/Auto Zero1/']
08-03 16:28:57 com_github_MitjaNemec_ReplicateLayout.action_replicate_layout 492:Corresponding footprints are 
[('U26', ['/Block Diagram/', '/Block Diagram/Auto Zero1/']), ('U13', ['/Block Diagram/', '/Block Diagram/Auto Zero/'])]
08-03 16:28:57 com_github_MitjaNemec_ReplicateLayout.action_replicate_layout 504:Showing dialog
08-03 16:28:57 com_github_MitjaNemec_ReplicateLayout.replicate_layout 472:constructing a list of sheets suitable for replication on level:'/Block Diagram/Auto Zero1/', file:'AutoZero.kicad_sch'
08-03 16:28:57 com_github_MitjaNemec_ReplicateLayout.replicate_layout 509:suitable sheets are:[['/Block Diagram/', '/Block Diagram/Auto Zero/']]
08-03 16:28:57 com_github_MitjaNemec_ReplicateLayout.replicate_layout 1512:Level selected: ['/Block Diagram/', '/Block Diagram/Auto Zero1/']
08-03 16:28:57 com_github_MitjaNemec_ReplicateLayout.replicate_layout 1336:Filtering list of tracks
08-03 16:28:57 com_github_MitjaNemec_ReplicateLayout.action_replicate_layout 510:Toolbar position: wx.Point(1886, 82)
08-03 16:28:57 com_github_MitjaNemec_ReplicateLayout.action_replicate_layout 515:Dialog position: wx.Point(1447, 82)
08-03 16:29:00 com_github_MitjaNemec_ReplicateLayout.replicate_layout 472:constructing a list of sheets suitable for replication on level:'/Block Diagram/Auto Zero1/', file:'AutoZero.kicad_sch'
08-03 16:29:00 com_github_MitjaNemec_ReplicateLayout.replicate_layout 509:suitable sheets are:[['/Block Diagram/', '/Block Diagram/Auto Zero/']]
08-03 16:29:00 com_github_MitjaNemec_ReplicateLayout.action_replicate_layout 248:Replicating layout
08-03 16:29:00 com_github_MitjaNemec_ReplicateLayout.replicate_layout 288:Starting replication of sheets: [['/Block Diagram/', '/Block Diagram/Auto Zero/']]
on level: ['/Block Diagram/', '/Block Diagram/Auto Zero1/']
with tracks=True, zone=True, text=True, text=True, intersecting=False, remove=True, locked footprints=False, group_only=False
08-03 16:29:00 root 340:updating GUI message: 'Preparing for replication'
08-03 16:29:01 com_github_MitjaNemec_ReplicateLayout.replicate_layout 358:Getting the list of source footprints
08-03 16:29:01 root 345:updating GUI with: 0
08-03 16:29:01 com_github_MitjaNemec_ReplicateLayout.replicate_layout 368:Getting the list of all the remaining footprints
08-03 16:29:01 com_github_MitjaNemec_ReplicateLayout.replicate_layout 375:Getting source tracks
08-03 16:29:01 com_github_MitjaNemec_ReplicateLayout.replicate_layout 1336:Filtering list of tracks
08-03 16:29:01 com_github_MitjaNemec_ReplicateLayout.replicate_layout 379:Getting source zones
08-03 16:29:01 com_github_MitjaNemec_ReplicateLayout.replicate_layout 383:Getting source text items
08-03 16:29:01 com_github_MitjaNemec_ReplicateLayout.replicate_layout 387:Getting source drawing items
08-03 16:29:01 com_github_MitjaNemec_ReplicateLayout.replicate_layout 320:Removing tracks and zones, before footprint placement
08-03 16:29:01 root 340:updating GUI message: 'Removing zones and tracks'
08-03 16:29:01 root 345:updating GUI with: 0
08-03 16:29:01 com_github_MitjaNemec_ReplicateLayout.replicate_layout 1282:Remove bounding box top:64269000, bottom:70859000, Left:109481000, Right:128263000
08-03 16:29:01 root 340:updating GUI message: 'Replicating footprints'
08-03 16:29:01 com_github_MitjaNemec_ReplicateLayout.replicate_layout 863:Replicating footprints
08-03 16:29:01 com_github_MitjaNemec_ReplicateLayout.replicate_layout 870:Replicating footprints on sheet ['/Block Diagram/', '/Block Diagram/Auto Zero/']
08-03 16:29:01 com_github_MitjaNemec_ReplicateLayout.replicate_layout 835:Src fp.id: '65023EAB-9801-4B73-8571-1970003D69A5'
08-03 16:29:01 com_github_MitjaNemec_ReplicateLayout.replicate_layout 839:Dst fp.id: '65023EAB-9801-4B73-8571-1970003D69A5'
08-03 16:29:01 com_github_MitjaNemec_ReplicateLayout.replicate_layout 888:Replicating footprint: 'C63'
08-03 16:29:01 com_github_MitjaNemec_ReplicateLayout.replicate_layout 835:Src fp.id: '73799410-65AF-4697-B29E-65160C63238B'
08-03 16:29:01 com_github_MitjaNemec_ReplicateLayout.replicate_layout 839:Dst fp.id: '73799410-65AF-4697-B29E-65160C63238B'
08-03 16:29:01 com_github_MitjaNemec_ReplicateLayout.replicate_layout 895:found match in dst footprint: 'C32'
08-03 16:29:01 com_github_MitjaNemec_ReplicateLayout.replicate_layout 990:Src text UUid:140b3ec1-26fb-48c4-8831-60a7485a8897
08-03 16:29:01 com_github_MitjaNemec_ReplicateLayout.replicate_layout 991:Dst text UUid:5e7cf766-4d6f-45f8-bb70-0f230259eb7e
08-03 16:29:01 com_github_MitjaNemec_ReplicateLayout.replicate_layout 990:Src text UUid:3e370710-07c6-4acb-9d3f-ea3b594a8e26
08-03 16:29:01 com_github_MitjaNemec_ReplicateLayout.replicate_layout 991:Dst text UUid:375bb3e4-213d-49f3-b891-e1497958b827
08-03 16:29:01 com_github_MitjaNemec_ReplicateLayout.replicate_layout 990:Src text UUid:d02a9de6-caa2-4269-997f-8237d7e38b7a
08-03 16:29:01 com_github_MitjaNemec_ReplicateLayout.replicate_layout 991:Dst text UUid:84dcb9fd-f78d-4c34-ab5e-18a0e7ea8f2e
08-03 16:29:01 com_github_MitjaNemec_ReplicateLayout.replicate_layout 888:Replicating footprint: 'R66'
08-03 16:29:01 root 345:updating GUI with: 15
08-03 16:29:01 com_github_MitjaNemec_ReplicateLayout.replicate_layout 835:Src fp.id: 'F181414A-3B45-4772-8796-A02046EF1B72'
08-03 16:29:01 com_github_MitjaNemec_ReplicateLayout.replicate_layout 839:Dst fp.id: 'F181414A-3B45-4772-8796-A02046EF1B72'
08-03 16:29:01 com_github_MitjaNemec_ReplicateLayout.replicate_layout 895:found match in dst footprint: 'R41'
08-03 16:29:01 com_github_MitjaNemec_ReplicateLayout.replicate_layout 990:Src text UUid:a8c2164a-bc1a-46b3-847a-8bc7da080ce4
08-03 16:29:01 com_github_MitjaNemec_ReplicateLayout.replicate_layout 991:Dst text UUid:f652a2d5-7915-4d93-8a39-71f083f22c25
08-03 16:29:01 com_github_MitjaNemec_ReplicateLayout.replicate_layout 990:Src text UUid:940ce99c-6cbc-43ba-8f48-bc9d67b6a073
08-03 16:29:01 com_github_MitjaNemec_ReplicateLayout.replicate_layout 991:Dst text UUid:b5e16353-9643-428e-887b-a697453d4dc5
08-03 16:29:01 com_github_MitjaNemec_ReplicateLayout.replicate_layout 990:Src text UUid:c90886bd-62c4-4f3f-8620-f6f0ae558f6a
08-03 16:29:01 com_github_MitjaNemec_ReplicateLayout.replicate_layout 991:Dst text UUid:91ccfe3a-24cd-4959-9864-b1c402a92752
08-03 16:29:01 com_github_MitjaNemec_ReplicateLayout.replicate_layout 888:Replicating footprint: 'C62'
08-03 16:29:01 com_github_MitjaNemec_ReplicateLayout.replicate_layout 835:Src fp.id: 'D7A68B86-B6A2-4100-8D77-B1858B3C999D'
08-03 16:29:01 com_github_MitjaNemec_ReplicateLayout.replicate_layout 839:Dst fp.id: 'D7A68B86-B6A2-4100-8D77-B1858B3C999D'
08-03 16:29:01 com_github_MitjaNemec_ReplicateLayout.replicate_layout 895:found match in dst footprint: 'C31'
08-03 16:29:01 com_github_MitjaNemec_ReplicateLayout.replicate_layout 990:Src text UUid:2ba97cdb-03c9-4dc9-825e-d73eb9f259d1
08-03 16:29:01 com_github_MitjaNemec_ReplicateLayout.replicate_layout 991:Dst text UUid:e7444b0f-b333-4818-8b75-243df42e7873
08-03 16:29:01 com_github_MitjaNemec_ReplicateLayout.replicate_layout 990:Src text UUid:94da1c5a-574d-48e1-93ca-c6cb119ffb6f
08-03 16:29:01 com_github_MitjaNemec_ReplicateLayout.replicate_layout 991:Dst text UUid:c0659674-3fa3-4326-888c-09187de9fa67
08-03 16:29:01 com_github_MitjaNemec_ReplicateLayout.replicate_layout 990:Src text UUid:8718cef3-c1d4-43b5-8b4c-246d62799954
08-03 16:29:01 com_github_MitjaNemec_ReplicateLayout.replicate_layout 991:Dst text UUid:4bdc99a4-619d-4b8b-95fd-27df840a7720
08-03 16:29:01 com_github_MitjaNemec_ReplicateLayout.replicate_layout 888:Replicating footprint: 'U26'
08-03 16:29:01 com_github_MitjaNemec_ReplicateLayout.replicate_layout 835:Src fp.id: '65023EAB-9801-4B73-8571-1970003D69A5'
08-03 16:29:01 com_github_MitjaNemec_ReplicateLayout.replicate_layout 839:Dst fp.id: '65023EAB-9801-4B73-8571-1970003D69A5'
08-03 16:29:01 com_github_MitjaNemec_ReplicateLayout.replicate_layout 895:found match in dst footprint: 'U13'
08-03 16:29:01 com_github_MitjaNemec_ReplicateLayout.replicate_layout 990:Src text UUid:423b2c11-7554-42f1-ad59-0aa5f73ae686
08-03 16:29:01 com_github_MitjaNemec_ReplicateLayout.replicate_layout 991:Dst text UUid:8cf0ec6b-ec7a-4537-a9db-ecf8df8dec3e
08-03 16:29:01 com_github_MitjaNemec_ReplicateLayout.replicate_layout 990:Src text UUid:334779ea-a469-4949-bae4-824833b51081
08-03 16:29:01 com_github_MitjaNemec_ReplicateLayout.replicate_layout 991:Dst text UUid:53aa2a59-1323-44f5-8bb4-4bce8f4c4503
08-03 16:29:01 com_github_MitjaNemec_ReplicateLayout.replicate_layout 990:Src text UUid:47c2e38e-be2e-4768-bf38-7a7a9a533ffd
08-03 16:29:01 com_github_MitjaNemec_ReplicateLayout.replicate_layout 991:Dst text UUid:c5caa017-9405-4082-9efb-bf8ae4ddf6b9
08-03 16:29:01 com_github_MitjaNemec_ReplicateLayout.replicate_layout 888:Replicating footprint: 'C61'
08-03 16:29:01 com_github_MitjaNemec_ReplicateLayout.replicate_layout 835:Src fp.id: '3489AEB9-DE03-4AB4-9E4B-A0894E8B6F6C'
08-03 16:29:01 com_github_MitjaNemec_ReplicateLayout.replicate_layout 839:Dst fp.id: '3489AEB9-DE03-4AB4-9E4B-A0894E8B6F6C'
08-03 16:29:01 com_github_MitjaNemec_ReplicateLayout.replicate_layout 895:found match in dst footprint: 'C30'
08-03 16:29:01 com_github_MitjaNemec_ReplicateLayout.replicate_layout 990:Src text UUid:a5f7abef-c6c5-4679-902f-a0a890108714
08-03 16:29:01 com_github_MitjaNemec_ReplicateLayout.replicate_layout 991:Dst text UUid:d94ea99f-f776-47dd-86b7-f12d91d01d66
08-03 16:29:01 com_github_MitjaNemec_ReplicateLayout.replicate_layout 990:Src text UUid:7b5725fd-3470-4ba0-b555-376782a24e18
08-03 16:29:01 com_github_MitjaNemec_ReplicateLayout.replicate_layout 991:Dst text UUid:291ee20c-9996-49dd-bd07-52c6491fdbff
08-03 16:29:01 com_github_MitjaNemec_ReplicateLayout.replicate_layout 990:Src text UUid:f2acec63-cf57-4d15-a90f-4ffbd85396b2
08-03 16:29:01 com_github_MitjaNemec_ReplicateLayout.replicate_layout 991:Dst text UUid:6357347f-95fd-4dec-be27-7017655d308a
08-03 16:29:01 com_github_MitjaNemec_ReplicateLayout.replicate_layout 888:Replicating footprint: 'C59'
08-03 16:29:01 com_github_MitjaNemec_ReplicateLayout.replicate_layout 835:Src fp.id: '6F78594F-4A84-4EB6-9490-30755E4E2B55'
08-03 16:29:01 com_github_MitjaNemec_ReplicateLayout.replicate_layout 839:Dst fp.id: '6F78594F-4A84-4EB6-9490-30755E4E2B55'
08-03 16:29:01 com_github_MitjaNemec_ReplicateLayout.replicate_layout 895:found match in dst footprint: 'C28'
08-03 16:29:01 com_github_MitjaNemec_ReplicateLayout.replicate_layout 990:Src text UUid:82061fe6-a2a9-4d80-8334-ebc7da3ad891
08-03 16:29:01 com_github_MitjaNemec_ReplicateLayout.replicate_layout 991:Dst text UUid:3edc1b81-bf0b-4040-85fe-b295e77fc092
08-03 16:29:01 com_github_MitjaNemec_ReplicateLayout.replicate_layout 990:Src text UUid:b74caaf6-10a6-4bbc-9db7-bfac27dce321
08-03 16:29:01 com_github_MitjaNemec_ReplicateLayout.replicate_layout 991:Dst text UUid:0b9778cf-3e7f-4f67-a6d0-3c4f7c6fa976
08-03 16:29:01 com_github_MitjaNemec_ReplicateLayout.replicate_layout 990:Src text UUid:3f7feb18-1087-46c8-b41a-1c2a7f234875
08-03 16:29:01 com_github_MitjaNemec_ReplicateLayout.replicate_layout 991:Dst text UUid:6776d941-2b5c-4eac-8f64-c5a6507fb53c
08-03 16:29:01 com_github_MitjaNemec_ReplicateLayout.replicate_layout 888:Replicating footprint: 'R64'
08-03 16:29:01 com_github_MitjaNemec_ReplicateLayout.replicate_layout 835:Src fp.id: '6D60500F-E5ED-4872-8E25-339D71FDA1BF'
08-03 16:29:01 com_github_MitjaNemec_ReplicateLayout.replicate_layout 839:Dst fp.id: '6D60500F-E5ED-4872-8E25-339D71FDA1BF'
08-03 16:29:01 com_github_MitjaNemec_ReplicateLayout.replicate_layout 895:found match in dst footprint: 'R39'
08-03 16:29:01 com_github_MitjaNemec_ReplicateLayout.replicate_layout 990:Src text UUid:3704e4cc-d21c-4fbd-890d-10ae6cab115d
08-03 16:29:01 com_github_MitjaNemec_ReplicateLayout.replicate_layout 991:Dst text UUid:d8049d25-8ab1-431b-8495-4b37e0318d8f
08-03 16:29:01 com_github_MitjaNemec_ReplicateLayout.replicate_layout 990:Src text UUid:8f4e6988-5199-42fe-8ca2-dfae00fc68c0
08-03 16:29:01 com_github_MitjaNemec_ReplicateLayout.replicate_layout 991:Dst text UUid:470e4bce-885b-4038-9c13-b3cd7fa369a8
08-03 16:29:01 com_github_MitjaNemec_ReplicateLayout.replicate_layout 990:Src text UUid:f8983a07-7d69-445e-9287-fb612a02bcf1
08-03 16:29:01 com_github_MitjaNemec_ReplicateLayout.replicate_layout 991:Dst text UUid:7c69ff42-c0a2-411c-805f-7ff6c201b173
08-03 16:29:01 com_github_MitjaNemec_ReplicateLayout.replicate_layout 888:Replicating footprint: 'R65'
08-03 16:29:01 com_github_MitjaNemec_ReplicateLayout.replicate_layout 835:Src fp.id: '50CDBE4E-ED34-4114-8FB4-BDB43477283A'
08-03 16:29:01 com_github_MitjaNemec_ReplicateLayout.replicate_layout 839:Dst fp.id: '50CDBE4E-ED34-4114-8FB4-BDB43477283A'
08-03 16:29:01 com_github_MitjaNemec_ReplicateLayout.replicate_layout 895:found match in dst footprint: 'R40'
08-03 16:29:01 com_github_MitjaNemec_ReplicateLayout.replicate_layout 990:Src text UUid:da14a39b-9406-4b04-a34a-638c3786247f
08-03 16:29:01 com_github_MitjaNemec_ReplicateLayout.replicate_layout 991:Dst text UUid:1b77d097-deaa-4dc8-bfb7-2f47e6562999
08-03 16:29:01 com_github_MitjaNemec_ReplicateLayout.replicate_layout 990:Src text UUid:07f1d196-c856-4408-a542-0560783f470a
08-03 16:29:01 com_github_MitjaNemec_ReplicateLayout.replicate_layout 991:Dst text UUid:7bdc84b1-8a48-41eb-8387-1d26d7e7f884
08-03 16:29:01 com_github_MitjaNemec_ReplicateLayout.replicate_layout 990:Src text UUid:9364d669-5866-4cbf-bde4-3c3ee1245e6f
08-03 16:29:01 com_github_MitjaNemec_ReplicateLayout.replicate_layout 991:Dst text UUid:21d32849-0797-4c1d-9d68-65b6c3abc868
08-03 16:29:01 com_github_MitjaNemec_ReplicateLayout.replicate_layout 888:Replicating footprint: 'C58'
08-03 16:29:01 com_github_MitjaNemec_ReplicateLayout.replicate_layout 835:Src fp.id: '3A2048F8-3849-47BF-9D96-BC6E7258EDF5'
08-03 16:29:01 com_github_MitjaNemec_ReplicateLayout.replicate_layout 839:Dst fp.id: '3A2048F8-3849-47BF-9D96-BC6E7258EDF5'
08-03 16:29:01 com_github_MitjaNemec_ReplicateLayout.replicate_layout 895:found match in dst footprint: 'C27'
08-03 16:29:01 com_github_MitjaNemec_ReplicateLayout.replicate_layout 990:Src text UUid:b023597b-e622-4c6b-9ed4-1387dbc51d73
08-03 16:29:01 com_github_MitjaNemec_ReplicateLayout.replicate_layout 991:Dst text UUid:89b3355c-4b87-4640-aa9c-3875bd6d106c
08-03 16:29:01 com_github_MitjaNemec_ReplicateLayout.replicate_layout 990:Src text UUid:9db5c2f3-46ac-47de-9989-4047f9203178
08-03 16:29:01 com_github_MitjaNemec_ReplicateLayout.replicate_layout 991:Dst text UUid:0cf86bb6-316f-4cfa-a9cb-5c8d7f9e65dc
08-03 16:29:01 com_github_MitjaNemec_ReplicateLayout.replicate_layout 990:Src text UUid:84b262c1-4064-4116-96af-d875d33fd49d
08-03 16:29:01 com_github_MitjaNemec_ReplicateLayout.replicate_layout 991:Dst text UUid:5e4aa4c3-cc90-439e-b371-16935b7f3588
08-03 16:29:01 com_github_MitjaNemec_ReplicateLayout.replicate_layout 888:Replicating footprint: 'R68'
08-03 16:29:01 com_github_MitjaNemec_ReplicateLayout.replicate_layout 835:Src fp.id: '5A3CE6CB-AAE3-4FF3-8EC5-92156AB72165'
08-03 16:29:01 com_github_MitjaNemec_ReplicateLayout.replicate_layout 839:Dst fp.id: '5A3CE6CB-AAE3-4FF3-8EC5-92156AB72165'
08-03 16:29:01 com_github_MitjaNemec_ReplicateLayout.replicate_layout 895:found match in dst footprint: 'R43'
08-03 16:29:01 com_github_MitjaNemec_ReplicateLayout.replicate_layout 990:Src text UUid:f31c1f32-3656-4171-b224-d2360b6fcd7c
08-03 16:29:01 com_github_MitjaNemec_ReplicateLayout.replicate_layout 991:Dst text UUid:480f3c85-40df-4018-8b22-d4fe2ff4fa75
08-03 16:29:01 com_github_MitjaNemec_ReplicateLayout.replicate_layout 990:Src text UUid:9a01213a-03ed-48f9-a7b6-dcc9004ecb6a
08-03 16:29:01 com_github_MitjaNemec_ReplicateLayout.replicate_layout 991:Dst text UUid:0829afde-39bc-4bff-ac36-dfecd5bdd66a
08-03 16:29:01 com_github_MitjaNemec_ReplicateLayout.replicate_layout 990:Src text UUid:2aafeb48-1f1c-4391-a138-954484816943
08-03 16:29:01 com_github_MitjaNemec_ReplicateLayout.replicate_layout 991:Dst text UUid:4daed444-7424-4acd-8ac4-a47d5c2dc09d
08-03 16:29:01 com_github_MitjaNemec_ReplicateLayout.replicate_layout 888:Replicating footprint: 'U25'
08-03 16:29:01 com_github_MitjaNemec_ReplicateLayout.replicate_layout 835:Src fp.id: 'AF84FEE7-DD28-4CE7-8A98-E21124C577E6'
08-03 16:29:01 com_github_MitjaNemec_ReplicateLayout.replicate_layout 839:Dst fp.id: 'AF84FEE7-DD28-4CE7-8A98-E21124C577E6'
08-03 16:29:01 com_github_MitjaNemec_ReplicateLayout.replicate_layout 895:found match in dst footprint: 'U12'
08-03 16:29:01 com_github_MitjaNemec_ReplicateLayout.replicate_layout 990:Src text UUid:8f617223-cf12-43d6-bab9-d690a6197898
08-03 16:29:01 com_github_MitjaNemec_ReplicateLayout.replicate_layout 991:Dst text UUid:9ce86a3d-15e2-411a-84a2-2c4673d13886
08-03 16:29:01 com_github_MitjaNemec_ReplicateLayout.replicate_layout 990:Src text UUid:c9be17b2-31b1-4d86-9fcd-8b557754196f
08-03 16:29:01 com_github_MitjaNemec_ReplicateLayout.replicate_layout 991:Dst text UUid:5d70778e-3560-4a5f-968c-c1ac7cd997f8
08-03 16:29:01 com_github_MitjaNemec_ReplicateLayout.replicate_layout 990:Src text UUid:75b5e785-dc84-4b3e-ae3f-81c15700ad3b
08-03 16:29:01 com_github_MitjaNemec_ReplicateLayout.replicate_layout 991:Dst text UUid:b3dca3cb-4464-44ec-9df9-1f8a2fe708e1
08-03 16:29:01 com_github_MitjaNemec_ReplicateLayout.replicate_layout 888:Replicating footprint: 'R67'
08-03 16:29:01 com_github_MitjaNemec_ReplicateLayout.replicate_layout 835:Src fp.id: 'C1FEE273-14C8-4978-8D44-BD8B16FB1442'
08-03 16:29:01 com_github_MitjaNemec_ReplicateLayout.replicate_layout 839:Dst fp.id: 'C1FEE273-14C8-4978-8D44-BD8B16FB1442'
08-03 16:29:01 com_github_MitjaNemec_ReplicateLayout.replicate_layout 895:found match in dst footprint: 'R42'
08-03 16:29:01 com_github_MitjaNemec_ReplicateLayout.replicate_layout 990:Src text UUid:b5297444-a0d6-4975-8fa8-1a442d569695
08-03 16:29:01 com_github_MitjaNemec_ReplicateLayout.replicate_layout 991:Dst text UUid:d8c63b03-de5a-47f4-aeef-566bf076f3cb
08-03 16:29:01 com_github_MitjaNemec_ReplicateLayout.replicate_layout 990:Src text UUid:e2db2386-efba-4ce8-8062-648738f2bf39
08-03 16:29:01 com_github_MitjaNemec_ReplicateLayout.replicate_layout 991:Dst text UUid:ded99aa5-5061-4683-ad38-7e569f79d6aa
08-03 16:29:01 com_github_MitjaNemec_ReplicateLayout.replicate_layout 990:Src text UUid:498f92ab-2a41-4e5a-b4f6-e79ae53371a9
08-03 16:29:01 com_github_MitjaNemec_ReplicateLayout.replicate_layout 991:Dst text UUid:acf33644-b9a9-4331-afd5-c51a5c7ccc20
08-03 16:29:01 com_github_MitjaNemec_ReplicateLayout.replicate_layout 888:Replicating footprint: 'C60'
08-03 16:29:01 com_github_MitjaNemec_ReplicateLayout.replicate_layout 835:Src fp.id: '21332721-99BE-4A42-BFC4-1056EEEB1816'
08-03 16:29:01 com_github_MitjaNemec_ReplicateLayout.replicate_layout 839:Dst fp.id: '21332721-99BE-4A42-BFC4-1056EEEB1816'
08-03 16:29:01 com_github_MitjaNemec_ReplicateLayout.replicate_layout 895:found match in dst footprint: 'C29'
08-03 16:29:01 com_github_MitjaNemec_ReplicateLayout.replicate_layout 990:Src text UUid:59dfc238-a7da-4347-b0d5-1d1babea18ae
08-03 16:29:01 com_github_MitjaNemec_ReplicateLayout.replicate_layout 991:Dst text UUid:7cd1944a-ebf4-4ff2-9376-d8711fee8f7f
08-03 16:29:01 com_github_MitjaNemec_ReplicateLayout.replicate_layout 990:Src text UUid:fd7f6700-e7ab-4f13-8c1e-32750329723a
08-03 16:29:01 com_github_MitjaNemec_ReplicateLayout.replicate_layout 991:Dst text UUid:9360e89c-803c-4a88-9a60-42cf61a5eee1
08-03 16:29:01 com_github_MitjaNemec_ReplicateLayout.replicate_layout 990:Src text UUid:afe55002-0758-43b1-b894-b8b6f0fc8910
08-03 16:29:01 com_github_MitjaNemec_ReplicateLayout.replicate_layout 991:Dst text UUid:e8326df9-1e2e-41b6-ae5e-7f0820161e79
08-03 16:29:01 com_github_MitjaNemec_ReplicateLayout.replicate_layout 328:Removing tracks and zones, after footprint placement
08-03 16:29:01 root 340:updating GUI message: 'Removing zones and tracks'
08-03 16:29:01 com_github_MitjaNemec_ReplicateLayout.replicate_layout 1282:Remove bounding box top:64269000, bottom:70859000, Left:109481000, Right:128263000
08-03 16:29:01 root 340:updating GUI message: 'Replicating tracks'
08-03 16:29:01 root 345:updating GUI with: 0
08-03 16:29:01 com_github_MitjaNemec_ReplicateLayout.replicate_layout 1014:Replicating tracks
08-03 16:29:01 com_github_MitjaNemec_ReplicateLayout.replicate_layout 1020:Replicating tracks on sheet ['/Block Diagram/', '/Block Diagram/Auto Zero/']
08-03 16:29:01 com_github_MitjaNemec_ReplicateLayout.replicate_layout 835:Src fp.id: '65023EAB-9801-4B73-8571-1970003D69A5'
08-03 16:29:01 com_github_MitjaNemec_ReplicateLayout.replicate_layout 839:Dst fp.id: '65023EAB-9801-4B73-8571-1970003D69A5'
08-03 16:29:01 com_github_MitjaNemec_ReplicateLayout.replicate_layout 792:Net pairs for sheet ['/Block Diagram/', '/Block Diagram/Auto Zero/'] :[('GND', 'GND'), ('Net-(R67-Pad1)', 'Net-(R42-Pad1)'), ('Net-(R65-Pad2)', 'Net-(R40-Pad2)'), ('/Block Diagram/Auto Zero1/AIN', '/Block Diagram/Auto Zero/AIN'), ('+18V', '+18V'), ('/Block Diagram/Analog Channels1/IN', '/Block Diagram/Analog Channels/IN'), ('-18V', '-18V'), ('/Block Diagram/Auto Zero/AZ_CTR', '/Block Diagram/Auto Zero/AZ_CTR'), ('+3.3V', '+3.3V'), ('Net-(R64-Pad1)', 'Net-(R39-Pad1)')]
08-03 16:29:01 root 340:updating GUI message: 'Replicating zones'
08-03 16:29:01 com_github_MitjaNemec_ReplicateLayout.replicate_layout 1084:Replicating zones
08-03 16:29:01 com_github_MitjaNemec_ReplicateLayout.replicate_layout 1091:Replicating zones on sheet ['/Block Diagram/', '/Block Diagram/Auto Zero/']
08-03 16:29:01 com_github_MitjaNemec_ReplicateLayout.replicate_layout 835:Src fp.id: '65023EAB-9801-4B73-8571-1970003D69A5'
08-03 16:29:01 com_github_MitjaNemec_ReplicateLayout.replicate_layout 839:Dst fp.id: '65023EAB-9801-4B73-8571-1970003D69A5'
08-03 16:29:01 com_github_MitjaNemec_ReplicateLayout.replicate_layout 792:Net pairs for sheet ['/Block Diagram/', '/Block Diagram/Auto Zero/'] :[('GND', 'GND'), ('Net-(R67-Pad1)', 'Net-(R42-Pad1)'), ('Net-(R65-Pad2)', 'Net-(R40-Pad2)'), ('/Block Diagram/Auto Zero1/AIN', '/Block Diagram/Auto Zero/AIN'), ('+18V', '+18V'), ('/Block Diagram/Analog Channels1/IN', '/Block Diagram/Analog Channels/IN'), ('-18V', '-18V'), ('/Block Diagram/Auto Zero/AZ_CTR', '/Block Diagram/Auto Zero/AZ_CTR'), ('+3.3V', '+3.3V'), ('Net-(R64-Pad1)', 'Net-(R39-Pad1)')]
08-03 16:29:01 root 340:updating GUI message: 'Replicating text'
08-03 16:29:01 com_github_MitjaNemec_ReplicateLayout.replicate_layout 1173:Replicating text
08-03 16:29:01 com_github_MitjaNemec_ReplicateLayout.replicate_layout 1180:Replicating text on sheet ['/Block Diagram/', '/Block Diagram/Auto Zero/']
08-03 16:29:01 com_github_MitjaNemec_ReplicateLayout.replicate_layout 835:Src fp.id: '65023EAB-9801-4B73-8571-1970003D69A5'
08-03 16:29:01 com_github_MitjaNemec_ReplicateLayout.replicate_layout 839:Dst fp.id: '65023EAB-9801-4B73-8571-1970003D69A5'
08-03 16:29:01 root 340:updating GUI message: 'Replicating drawings'
08-03 16:29:01 com_github_MitjaNemec_ReplicateLayout.replicate_layout 1224:Replicating drawings
08-03 16:29:01 com_github_MitjaNemec_ReplicateLayout.replicate_layout 1230:Replicating drawings on sheet ['/Block Diagram/', '/Block Diagram/Auto Zero/']
08-03 16:29:01 com_github_MitjaNemec_ReplicateLayout.replicate_layout 835:Src fp.id: '65023EAB-9801-4B73-8571-1970003D69A5'
08-03 16:29:01 com_github_MitjaNemec_ReplicateLayout.replicate_layout 839:Dst fp.id: '65023EAB-9801-4B73-8571-1970003D69A5'
08-03 16:29:01 com_github_MitjaNemec_ReplicateLayout.action_replicate_layout 264:Replication complete
